<?xml version="1.0" encoding="UTF-8"?>
<!-- Generated by org.testng.reporters.JUnitXMLReporter -->
<testsuite ignored="2" hostname="LAPTOP-P8PFU8QJ" failures="0" tests="5" name="Test" time="7.001" errors="0" timestamp="2024-10-21T21:40:22 EDT">
  <testcase classname="com.seleniumProject.pages.BaseTest" name="@BeforeClass setUp" time="0.0">
    <failure type="java.lang.NullPointerException" message="Cannot invoke &amp;quot;com.seleniumProject.utility.ConfigDataProvider.getBrowser()&amp;quot; because &amp;quot;this.config&amp;quot; is null">
      <![CDATA[java.lang.NullPointerException: Cannot invoke "com.seleniumProject.utility.ConfigDataProvider.getBrowser()" because "this.config" is null
at com.seleniumProject.pages.BaseTest.setUp(BaseTest.java:35)
at java.base/java.util.ArrayList.forEach(ArrayList.java:1511)
... Removed 25 stack frames]]>
    </failure>
  </testcase> <!-- @BeforeClass setUp -->
  <testcase classname="com.seleniumProject.pages.BaseTest" name="@AfterClass tearDown" time="0.0">
    <skipped/>
  </testcase> <!-- @AfterClass tearDown -->
  <testcase classname="com.seleniumProject.pages.BaseTest" name="@BeforeClass setUp" time="0.0">
    <failure type="java.lang.NullPointerException" message="Cannot invoke &amp;quot;com.seleniumProject.utility.ConfigDataProvider.getBrowser()&amp;quot; because &amp;quot;this.config&amp;quot; is null">
      <![CDATA[java.lang.NullPointerException: Cannot invoke "com.seleniumProject.utility.ConfigDataProvider.getBrowser()" because "this.config" is null
at com.seleniumProject.pages.BaseTest.setUp(BaseTest.java:35)
at java.base/java.util.ArrayList.forEach(ArrayList.java:1511)
... Removed 25 stack frames]]>
    </failure>
  </testcase> <!-- @BeforeClass setUp -->
  <testcase classname="com.seleniumProject.pages.BaseTest" name="@AfterClass tearDown" time="0.0">
    <skipped/>
  </testcase> <!-- @AfterClass tearDown -->
  <testcase classname="com.seleniumProject.testcases.DashBoardTest" name="VerifyLogin" time="2.227"/>
  <testcase classname="com.seleniumProject.testcases.DashBoardTest" name="fetchDashboardText" time="1.394"/>
  <testcase classname="com.seleniumProject.testcases.PaymentTestCase" name="testcourses" time="0.0">
    <skipped/>
  </testcase> <!-- testcourses -->
  <testcase classname="com.seleniumProject.testcases.LoginTestDataDrivenTesting" name="VerifyLogin" time="0.0">
    <skipped/>
  </testcase> <!-- VerifyLogin -->
  <testcase classname="com.seleniumProject.testcases.LoginTestDataDrivenTesting" name="VerifyLogin" time="0.0">
    <skipped/>
  </testcase> <!-- VerifyLogin -->
  <testcase classname="com.seleniumProject.pages.BaseTest" name="@BeforeSuite setUpSuite" time="0.0">
    <ignored/>
  </testcase> <!-- @BeforeSuite setUpSuite -->
  <testcase classname="com.seleniumProject.pages.BaseTest" name="@BeforeSuite setUpSuite" time="0.0">
    <ignored/>
  </testcase> <!-- @BeforeSuite setUpSuite -->
</testsuite> <!-- Test -->
